100.03.24 22:51 B C:\My Documents\Grad\Winter 00\java\j5\images\o.gif --> hills.ccsf.cc.ca.us /students/kerick01/public_html/images o.gif
100.03.24 22:51 B C:\My Documents\Grad\Winter 00\java\j5\images\x.gif --> hills.ccsf.cc.ca.us /students/kerick01/public_html/images x.gif
100.05.22 13:12 B C:\forte4j\Development\BattleShip\images\ac.gif --> hills.ccsf.cc.ca.us /students/kerick01/battle/images ac.gif
100.05.22 13:12 B C:\forte4j\Development\BattleShip\images\bs.gif --> hills.ccsf.cc.ca.us /students/kerick01/battle/images bs.gif
100.05.22 13:12 B C:\forte4j\Development\BattleShip\images\cr.gif --> hills.ccsf.cc.ca.us /students/kerick01/battle/images cr.gif
100.05.22 13:12 B C:\forte4j\Development\BattleShip\images\cr.gif --> hills.ccsf.cc.ca.us /students/kerick01/battle/images cr.gif
100.05.22 13:12 B C:\forte4j\Development\BattleShip\images\miss.gif --> hills.ccsf.cc.ca.us /students/kerick01/battle/images miss.gif
100.05.22 13:12 B C:\forte4j\Development\BattleShip\images\ship.gif --> hills.ccsf.cc.ca.us /students/kerick01/battle/images ship.gif
100.05.22 13:12 B C:\forte4j\Development\BattleShip\images\sub.gif --> hills.ccsf.cc.ca.us /students/kerick01/battle/images sub.gif
100.05.22 13:13 B C:\forte4j\Development\BattleShip\images\bs.gif <-- hills.ccsf.cc.ca.us /students/kerick01/battle/images bs.gif
100.05.22 13:17 B C:\forte4j\Development\BattleShip\images\ac.gif --> hills.ccsf.cc.ca.us /students/kerick01/public_html/battle ac.gif
100.05.22 13:17 B C:\forte4j\Development\BattleShip\images\cr.gif --> hills.ccsf.cc.ca.us /students/kerick01/public_html/battle cr.gif
100.05.22 13:17 B C:\forte4j\Development\BattleShip\images\miss.gif --> hills.ccsf.cc.ca.us /students/kerick01/public_html/battle miss.gif
100.05.22 13:17 B C:\forte4j\Development\BattleShip\images\ship.gif --> hills.ccsf.cc.ca.us /students/kerick01/public_html/battle ship.gif
100.05.22 13:17 B C:\forte4j\Development\BattleShip\images\sub.gif --> hills.ccsf.cc.ca.us /students/kerick01/public_html/battle sub.gif
100.05.22 13:17 B C:\forte4j\Development\BattleShip\images\ac.gif --> hills.ccsf.cc.ca.us /students/kerick01/public_html/battle/images ac.gif
100.05.22 13:17 B C:\forte4j\Development\BattleShip\images\cr.gif --> hills.ccsf.cc.ca.us /students/kerick01/public_html/battle/images cr.gif
100.05.22 13:17 B C:\forte4j\Development\BattleShip\images\miss.gif --> hills.ccsf.cc.ca.us /students/kerick01/public_html/battle/images miss.gif
100.05.22 13:17 B C:\forte4j\Development\BattleShip\images\ship.gif --> hills.ccsf.cc.ca.us /students/kerick01/public_html/battle/images ship.gif
100.05.22 13:17 B C:\forte4j\Development\BattleShip\images\sub.gif --> hills.ccsf.cc.ca.us /students/kerick01/public_html/battle/images sub.gif
